<?xml version="1.0" encoding="UTF-8"?>
<!-- Generated by org.testng.reporters.JUnitReportReporter -->
<testsuite skipped="0" hostname="RajuG" name="runner.test_runner" tests="2" failures="0" timestamp="2022-11-08T22:12:47 IST" time="52.935" errors="0">
  <testcase name="runScenario" time="21.726" classname="runner.test_runner"/>
  <system-out/>
  <testcase name="runScenario" time="31.209" classname="runner.test_runner"/>
  <system-out/>
</testsuite> <!-- runner.test_runner -->
