<?xml version="1.0" encoding="UTF-8"?>
<!-- Generated by org.testng.reporters.JUnitReportReporter -->
<testsuite skipped="0" hostname="RajuG" name="runner.test_runner" tests="1" failures="0" timestamp="2022-11-08T22:10:37 IST" time="40.139" errors="0">
  <testcase name="runScenario" time="40.139" classname="runner.test_runner"/>
  <system-out/>
</testsuite> <!-- runner.test_runner -->
